  Using 'git status' to determine working set for adaptive non-unity build (C:\Users\William\Documents\GitHub\Unreal-Creatorday-Inventory).
  Parsing headers for MyProjectEditor
    Running UnrealHeaderTool "C:\Users\William\Documents\GitHub\Unreal-Creatorday-Inventory\ShopSystem\MyProject.uproject" "C:\Users\William\Documents\GitHub\Unreal-Creatorday-Inventory\ShopSystem\Intermediate\Build\Win64\MyProjectEditor\Development\MyProjectEditor.uhtmanifest" -LogCmds="loginit warning, logexit warning, logdatabase error" -Unattended -WarningsAsErrors -abslog="C:\Users\William\AppData\Local\UnrealBuildTool\Log_UHT.txt" -installed
  LogInit: Display: Loading text-based GConfig....
  Reflection code generated for MyProjectEditor in 11.798617 seconds
  Deleted hot-reload file: C:\Users\William\Documents\GitHub\Unreal-Creatorday-Inventory\ShopSystem\Binaries\Win64\UE4Editor-MyProject-0002.dll
  Deleted hot-reload file: C:\Users\William\Documents\GitHub\Unreal-Creatorday-Inventory\ShopSystem\Binaries\Win64\UE4Editor-MyProject-0002.pdb
  Deleted hot-reload file: C:\Users\William\Documents\GitHub\Unreal-Creatorday-Inventory\ShopSystem\Intermediate\Build\Win64\UE4Editor\Development\MyProject\UE4Editor-MyProject-0002.lib
  Building MyProjectEditor...
  Using Visual Studio 2019 14.29.30143 toolchain (C:\Program Files (x86)\Microsoft Visual Studio\2019\BuildTools\VC\Tools\MSVC\14.29.30133) and Windows 10.0.18362.0 SDK (C:\Program Files (x86)\Windows Kits\10).
  Building 6 actions with 12 processes...
    [1/6] MyProject.init.gen.cpp
    [2/6] ItemData.cpp
    [3/6] ItemData.gen.cpp
    [4/6] UE4Editor-MyProject.lib
       Creating library C:\Users\William\Documents\GitHub\Unreal-Creatorday-Inventory\ShopSystem\Intermediate\Build\Win64\UE4Editor\Development\MyProject\UE4Editor-MyProject.lib and object C:\Users\William\Documents\GitHub\Unreal-Creatorday-Inventory\ShopSystem\Intermediate\Build\Win64\UE4Editor\Development\MyProject\UE4Editor-MyProject.exp
    [5/6] UE4Editor-MyProject.dll
       Creating library C:\Users\William\Documents\GitHub\Unreal-Creatorday-Inventory\ShopSystem\Intermediate\Build\Win64\UE4Editor\Development\MyProject\UE4Editor-MyProject.suppressed.lib and object C:\Users\William\Documents\GitHub\Unreal-Creatorday-Inventory\ShopSystem\Intermediate\Build\Win64\UE4Editor\Development\MyProject\UE4Editor-MyProject.suppressed.exp
    [6/6] MyProjectEditor.target
  Total time in Parallel executor: 9.90 seconds
  Total execution time: 22.67 seconds
